\BOOKMARK [0][-]{chapter*.3}{\376\377\000A\000b\000s\000t\000r\000a\000c\000t}{}% 1
\BOOKMARK [0][-]{chapter*.4}{\376\377\000A\000c\000k\000n\000o\000w\000l\000e\000d\000g\000e\000m\000e\000n\000t}{}% 2
\BOOKMARK [0][-]{chapter.1}{\376\377\000I\000n\000t\000r\000o\000d\000u\000c\000t\000i\000o\000n}{}% 3
\BOOKMARK [0][-]{chapter.2}{\376\377\000M\000e\000t\000h\000o\000d\000o\000l\000o\000g\000y}{}% 4
\BOOKMARK [0][-]{chapter.3}{\376\377\000D\000a\000t\000a\000\040\000a\000n\000d\000\040\000M\000o\000d\000e\000l\000\040\000P\000a\000r\000a\000m\000e\000t\000e\000r\000s}{}% 5
\BOOKMARK [1][-]{section.3.1}{\376\377\000D\000a\000t\000a\000\040\000s\000e\000l\000e\000c\000t\000i\000o\000n}{chapter.3}% 6
\BOOKMARK [2][-]{subsection.3.1.1}{\376\377\000S\000i\000n\000g\000a\000p\000o\000r\000e\000\040\000i\000n\000p\000u\000t\000-\000o\000u\000t\000p\000u\000t\000\040\000t\000a\000b\000l\000e}{section.3.1}% 7
\BOOKMARK [2][-]{subsection.3.1.2}{\376\377\000I\000n\000i\000t\000i\000a\000l\000\040\000i\000n\000o\000p\000e\000r\000a\000b\000i\000l\000i\000t\000y\000\040\000d\000a\000t\000a}{section.3.1}% 8
\BOOKMARK [1][-]{section.3.2}{\376\377\000M\000o\000d\000e\000l\000\040\000p\000a\000r\000a\000m\000e\000t\000e\000r\000s}{chapter.3}% 9
\BOOKMARK [2][-]{subsection.3.2.1}{\376\377\000L\000o\000c\000k\000d\000o\000w\000n\000\040\000d\000u\000r\000a\000t\000i\000o\000n}{section.3.2}% 10
\BOOKMARK [2][-]{subsection.3.2.2}{\376\377\000F\000i\000n\000a\000l\000\040\000i\000n\000o\000p\000e\000r\000a\000b\000i\000l\000i\000t\000y}{section.3.2}% 11
\BOOKMARK [0][-]{chapter.4}{\376\377\000R\000e\000s\000u\000l\000t\000s}{}% 12
\BOOKMARK [1][-]{section.4.1}{\376\377\000I\000n\000o\000p\000e\000r\000a\000b\000i\000l\000i\000t\000y\000\040\000a\000n\000d\000\040\000E\000c\000o\000n\000o\000m\000i\000c\000\040\000L\000o\000s\000s}{chapter.4}% 13
\BOOKMARK [1][-]{section.4.2}{\376\377\000I\000d\000e\000n\000t\000i\000f\000y\000i\000n\000g\000\040\000v\000u\000l\000n\000e\000r\000a\000b\000l\000e\000\040\000S\000e\000c\000t\000o\000r\000s}{chapter.4}% 14
\BOOKMARK [1][-]{section.4.3}{\376\377\000S\000e\000n\000s\000i\000t\000i\000v\000i\000t\000y\000\040\000A\000n\000a\000l\000y\000s\000i\000s}{chapter.4}% 15
\BOOKMARK [0][-]{chapter.5}{\376\377\000R\000i\000s\000k\000\040\000M\000a\000n\000a\000g\000e\000m\000e\000n\000t\000\040\000S\000c\000e\000n\000a\000r\000i\000o\000\040\000A\000n\000a\000l\000y\000s\000i\000s}{}% 16
\BOOKMARK [1][-]{section.5.1}{\376\377\000N\000e\000t\000\040\000b\000e\000n\000e\000f\000i\000t}{chapter.5}% 17
\BOOKMARK [1][-]{section.5.2}{\376\377\000S\000c\000e\000n\000a\000r\000i\000o\000\040\000a\000n\000a\000l\000y\000s\000i\000s}{chapter.5}% 18
\BOOKMARK [2][-]{subsection.5.2.1}{\376\377\000S\000c\000e\000n\000a\000r\000i\000o\000\040\0001\000\040\000\050\000b\000a\000s\000e\000l\000i\000n\000e\000\051\000:\000\040\000n\000o\000\040\000p\000o\000l\000i\000c\000y\000,\000\040\000j\000=\0000}{section.5.2}% 19
\BOOKMARK [2][-]{subsection.5.2.2}{\376\377\000S\000c\000e\000n\000a\000r\000i\000o\000\040\0002\000:\000\040\000p\000o\000l\000i\000c\000y\000\040\0001\000,\000\040\000j\000=\0001}{section.5.2}% 20
\BOOKMARK [2][-]{subsection.5.2.3}{\376\377\000S\000c\000e\000n\000a\000r\000i\000o\000\040\0003\000:\000\040\000p\000o\000l\000i\000c\000y\000\040\0002\000,\000\040\000j\000=\0002}{section.5.2}% 21
\BOOKMARK [1][-]{section.5.3}{\376\377\000C\000o\000m\000p\000a\000r\000i\000n\000g\000\040\000P\000o\000l\000i\000c\000i\000e\000s}{chapter.5}% 22
\BOOKMARK [0][-]{chapter.6}{\376\377\000M\000a\000c\000h\000i\000n\000e\000\040\000L\000e\000a\000r\000n\000i\000n\000g\000\040\000f\000o\000r\000\040\000K\000e\000y\000\040\000S\000e\000c\000t\000o\000r\000s\000\040\000I\000d\000e\000n\000t\000i\000f\000i\000c\000a\000t\000i\000o\000n}{}% 23
\BOOKMARK [1][-]{section.6.1}{\376\377\000P\000r\000i\000n\000c\000i\000p\000a\000l\000\040\000C\000o\000m\000p\000o\000n\000e\000n\000t\000\040\000A\000n\000a\000l\000y\000s\000i\000s\000\040\000A\000p\000p\000l\000i\000e\000d\000\040\000t\000o\000\040\000t\000h\000e\000\040\000I\000O\000\040\000M\000a\000t\000r\000i\000x}{chapter.6}% 24
\BOOKMARK [1][-]{section.6.2}{\376\377\000S\000i\000m\000u\000l\000a\000t\000i\000o\000n}{chapter.6}% 25
\BOOKMARK [0][-]{chapter.7}{\376\377\000C\000o\000n\000c\000l\000u\000s\000i\000o\000n}{}% 26
\BOOKMARK [0][-]{chapter*.15}{\376\377\000A\000p\000p\000e\000n\000d\000i\000x\000\040\000A}{}% 27
\BOOKMARK [0][-]{chapter*.19}{\376\377\000A\000p\000p\000e\000n\000d\000i\000x\000\040\000B}{}% 28
